#
# A fatal error has been detected by the Java Runtime Environment:
#
#  EXCEPTION_ACCESS_VIOLATION (0xc0000005) at pc=0x1bbb1a9b, pid=9568, tid=4696
#
# JRE version: Java(TM) SE Runtime Environment (7.0_45-b18) (build 1.7.0_45-b18)
# Java VM: Java HotSpot(TM) Client VM (24.45-b08 mixed mode windows-x86 )
# Problematic frame:
# C  [jmddraw.dll+0x1a9b]
#
# Failed to write core dump. Minidumps are not enabled by default on client versions of Windows
#
# If you would like to submit a bug report, please visit:
#   http://bugreport.sun.com/bugreport/crash.jsp
# The crash happened outside the Java Virtual Machine in native code.
# See problematic frame for where to report the bug.
#

---------------  T H R E A D  ---------------

Current thread (0x1ac36400):  JavaThread "Loop thread: com.sun.media.renderer.video.DDRenderer@1ff7f1d" [_thread_in_native, id=4696, stack(0x1c170000,0x1c1c0000)]

siginfo: ExceptionCode=0xc0000005, writing address 0x00000000

Registers:
EAX=0x00000000, EBX=0x1c1c01a0, ECX=0x00000000, EDX=0x6dcd5060
ESP=0x1c1bf178, EBP=0x2016e020, ESI=0x1ac36530, EDI=0x00000000
EIP=0x1bbb1a9b, EFLAGS=0x00010206

Top of Stack: (sp=0x1c1bf178)
0x1c1bf178:   1ac36400 14a838b8 1c1bf2c8 14a838b8
0x1c1bf188:   1f6a0000 00000000 2016e020 1c39dbc0
0x1c1bf198:   00000000 6dcd5060 1ac36400 00000004
0x1c1bf1a8:   00000001 00000032 0077b498 00000532
0x1c1bf1b8:   0077b768 1ab5af58 00000000 00000000
0x1c1bf1c8:   00000000 00000000 00000500 000002d0
0x1c1bf1d8:   00000001 00000001 00000001 1c1bf20c
0x1c1bf1e8:   6dce0bc5 0077af60 1875ca80 00000001 

Instructions: (pc=0x1bbb1a9b)
0x1bbb1a7b:   85 c0 0f 84 31 01 00 00 83 f8 20 0f 84 28 01 00
0x1bbb1a8b:   00 50 e8 6b 07 00 00 8b 54 24 28 8b f8 83 c4 04
0x1bbb1a9b:   89 17 8b 43 1c 8d 54 24 24 8b 08 52 8d 54 24 38
0x1bbb1aab:   57 52 50 ff 51 0c 57 e8 17 07 00 00 83 c4 04 c7 


Register to memory mapping:

EAX=0x00000000 is an unknown value
EBX=0x1c1c01a0 is an unknown value
ECX=0x00000000 is an unknown value
EDX=0x6dcd5060 is an unknown value
ESP=0x1c1bf178 is pointing into the stack for thread: 0x1ac36400
EBP=0x2016e020 is an unknown value
ESI=0x1ac36530 is an unknown value
EDI=0x00000000 is an unknown value


Stack: [0x1c170000,0x1c1c0000],  sp=0x1c1bf178,  free space=316k
Native frames: (J=compiled Java code, j=interpreted, Vv=VM code, C=native code)
C  [jmddraw.dll+0x1a9b]

Java frames: (J=compiled Java code, j=interpreted, Vv=VM code)
j  com.sun.media.renderer.video.DDRenderer.dxDraw(Ljava/lang/Object;JII)Z+0
j  com.sun.media.renderer.video.DDRenderer.doProcess(Ljavax/media/Buffer;)I+217
j  com.sun.media.renderer.video.BasicVideoRenderer.process(Ljavax/media/Buffer;)I+18
j  com.sun.media.BasicRendererModule.processBuffer(Ljavax/media/Buffer;)I+357
j  com.sun.media.BasicRendererModule.scheduleBuffer(Ljavax/media/Buffer;)Z+164
j  com.sun.media.BasicRendererModule.doProcess()Z+330
j  com.sun.media.RenderThread.process()Z+4
j  com.sun.media.util.LoopThread.run()V+14
v  ~StubRoutines::call_stub

---------------  P R O C E S S  ---------------

Java Threads: ( => current thread )
  0x1ac39000 JavaThread "DestroyJavaVM" [_thread_blocked, id=11112, stack(0x009a0000,0x009f0000)]
  0x1ac38c00 JavaThread "AWT-EventQueue-0" [_thread_blocked, id=2592, stack(0x1c9f0000,0x1ca40000)]
  0x1ac37800 JavaThread "AWT-Shutdown" [_thread_blocked, id=5472, stack(0x1c300000,0x1c350000)]
=>0x1ac36400 JavaThread "Loop thread: com.sun.media.renderer.video.DDRenderer@1ff7f1d" [_thread_in_native, id=4696, stack(0x1c170000,0x1c1c0000)]
  0x1ac37400 JavaThread "Loop thread: com.sun.media.parser.RawBufferParser$FrameTrack@1430892" [_thread_blocked, id=10748, stack(0x1af70000,0x1afc0000)]
  0x1ac36c00 JavaThread "Loop thread" [_thread_blocked, id=1264, stack(0x19110000,0x19160000)]
  0x1ac38400 JavaThread "VFW TransferDataThread" [_thread_blocked, id=9644, stack(0x1bd10000,0x1bd60000)]
  0x1ac28400 JavaThread "VFW VideoPollThread" [_thread_blocked, id=9760, stack(0x1bc80000,0x1bcd0000)]
  0x1abe0800 JavaThread "JMF thread: SendEventQueue: com.sun.media.PlaybackEngine" [_thread_blocked, id=7600, stack(0x1bad0000,0x1bb20000)]
  0x1abe6800 JavaThread "JMF thread: SendEventQueue: com.sun.media.content.unknown.Handler" [_thread_blocked, id=1260, stack(0x1ba40000,0x1ba90000)]
  0x1ac02000 JavaThread "VFW Request Thread" [_thread_blocked, id=10892, stack(0x1b020000,0x1b070000)]
  0x18855c00 JavaThread "Java2D Disposer" daemon [_thread_blocked, id=10532, stack(0x19080000,0x190d0000)]
  0x18777c00 JavaThread "Service Thread" daemon [_thread_blocked, id=6816, stack(0x18b40000,0x18b90000)]
  0x18773400 JavaThread "C1 CompilerThread0" daemon [_thread_blocked, id=8748, stack(0x18ab0000,0x18b00000)]
  0x18770800 JavaThread "Attach Listener" daemon [_thread_blocked, id=10300, stack(0x18a20000,0x18a70000)]
  0x1875c000 JavaThread "Signal Dispatcher" daemon [_thread_blocked, id=6172, stack(0x18990000,0x189e0000)]
  0x02489000 JavaThread "Finalizer" daemon [_thread_blocked, id=9088, stack(0x18700000,0x18750000)]
  0x02482c00 JavaThread "Reference Handler" daemon [_thread_blocked, id=10456, stack(0x18670000,0x186c0000)]

Other Threads:
  0x02480800 VMThread [stack: 0x185e0000,0x18630000] [id=9328]
  0x18791800 WatcherThread [stack: 0x18bd0000,0x18c20000] [id=10040]

VM state:not at safepoint (normal execution)

VM Mutex/Monitor currently owned by a thread: None

Heap
 def new generation   total 32576K, used 19249K [0x04490000, 0x067e0000, 0x099e0000)
  eden space 28992K,  66% used [0x04490000, 0x0575c618, 0x060e0000)
  from space 3584K,   0% used [0x060e0000, 0x060e0000, 0x06460000)
  to   space 3584K,   0% used [0x06460000, 0x06460000, 0x067e0000)
 tenured generation   total 72200K, used 43319K [0x099e0000, 0x0e062000, 0x14490000)
   the space 72200K,  59% used [0x099e0000, 0x0c42df80, 0x0c42e000, 0x0e062000)
 compacting perm gen  total 12288K, used 7852K [0x14490000, 0x15090000, 0x18490000)
   the space 12288K,  63% used [0x14490000, 0x14c3b168, 0x14c3b200, 0x15090000)
No shared spaces configured.

Card table byte_map: [0x18490000,0x18540000] byte_map_base: 0x1846db80

Polling page: 0x007c0000

Code Cache  [0x02490000, 0x02598000, 0x04490000)
 total_blobs=497 nmethods=250 adapters=184 free_code_cache=31717Kb largest_free_block=32478848

Compilation events (10 events):
Event: 3.530 Thread 0x18773400  244             java.util.concurrent.locks.ReentrantLock$NonfairSync::lock (25 bytes)
Event: 3.531 Thread 0x18773400 nmethod 244 0x02595848 code [0x02595970, 0x02595ae0]
Event: 3.634 Thread 0x18773400  246             sun.awt.AWTAutoShutdown::getInstance (4 bytes)
Event: 3.634 Thread 0x18773400 nmethod 246 0x02595e88 code [0x02595f80, 0x02595ff0]
Event: 3.635 Thread 0x18773400  247             java.awt.AWTEvent::getID (5 bytes)
Event: 3.635 Thread 0x18773400 nmethod 247 0x02596048 code [0x02596140, 0x025961c0]
Event: 11.146 Thread 0x18773400  249             java.util.EventObject::getSource (5 bytes)
Event: 11.146 Thread 0x18773400 nmethod 249 0x02596488 code [0x02596580, 0x02596600]
Event: 11.964 Thread 0x18773400  250  s          com.sun.media.CircularBuffer::canRead (13 bytes)
Event: 11.964 Thread 0x18773400 nmethod 250 0x02596648 code [0x02596740, 0x02596910]

GC Heap History (10 events):
Event: 2.115 GC heap before
{Heap before GC invocations=4 (full 0):
 def new generation   total 4928K, used 3678K [0x04490000, 0x049e0000, 0x099e0000)
  eden space 4416K,  83% used [0x04490000, 0x04826b10, 0x048e0000)
  from space 512K,   0% used [0x048e0000, 0x048e0de8, 0x04960000)
  to   space 512K,   0% used [0x04960000, 0x04960000, 0x049e0000)
 tenured generation   total 10944K, used 7480K [0x099e0000, 0x0a490000, 0x14490000)
   the space 10944K,  68% used [0x099e0000, 0x0a12e370, 0x0a12e400, 0x0a490000)
 compacting perm gen  total 12288K, used 6881K [0x14490000, 0x15090000, 0x18490000)
   the space 12288K,  56% used [0x14490000, 0x14b48718, 0x14b48800, 0x15090000)
No shared spaces configured.
Event: 2.148 GC heap after
Heap after GC invocations=5 (full 1):
 def new generation   total 6912K, used 0K [0x04490000, 0x04c10000, 0x099e0000)
  eden space 6144K,   0% used [0x04490000, 0x04490000, 0x04a90000)
  from space 768K,   0% used [0x04a90000, 0x04a90000, 0x04b50000)
  to   space 768K,   0% used [0x04b50000, 0x04b50000, 0x04c10000)
 tenured generation   total 15164K, used 9097K [0x099e0000, 0x0a8af000, 0x14490000)
   the space 15164K,  59% used [0x099e0000, 0x0a2c2488, 0x0a2c2600, 0x0a8af000)
 compacting perm gen  total 12288K, used 6881K [0x14490000, 0x15090000, 0x18490000)
   the space 12288K,  56% used [0x14490000, 0x14b48718, 0x14b48800, 0x15090000)
No shared spaces configured.
}
Event: 2.178 GC heap before
{Heap before GC invocations=5 (full 1):
 def new generation   total 6912K, used 5503K [0x04490000, 0x04c10000, 0x099e0000)
  eden space 6144K,  89% used [0x04490000, 0x049efe00, 0x04a90000)
  from space 768K,   0% used [0x04a90000, 0x04a90000, 0x04b50000)
  to   space 768K,   0% used [0x04b50000, 0x04b50000, 0x04c10000)
 tenured generation   total 15164K, used 9097K [0x099e0000, 0x0a8af000, 0x14490000)
   the space 15164K,  59% used [0x099e0000, 0x0a2c2488, 0x0a2c2600, 0x0a8af000)
 compacting perm gen  total 12288K, used 6886K [0x14490000, 0x15090000, 0x18490000)
   the space 12288K,  56% used [0x14490000, 0x14b49bf0, 0x14b49c00, 0x15090000)
No shared spaces configured.
Event: 2.182 GC heap after
Heap after GC invocations=6 (full 1):
 def new generation   total 6912K, used 6K [0x04490000, 0x04c10000, 0x099e0000)
  eden space 6144K,   0% used [0x04490000, 0x04490000, 0x04a90000)
  from space 768K,   0% used [0x04b50000, 0x04b51bb8, 0x04c10000)
  to   space 768K,   0% used [0x04a90000, 0x04a90000, 0x04b50000)
 tenured generation   total 15164K, used 14497K [0x099e0000, 0x0a8af000, 0x14490000)
   the space 15164K,  95% used [0x099e0000, 0x0a8084a8, 0x0a808600, 0x0a8af000)
 compacting perm gen  total 12288K, used 6886K [0x14490000, 0x15090000, 0x18490000)
   the space 12288K,  56% used [0x14490000, 0x14b49bf0, 0x14b49c00, 0x15090000)
No shared spaces configured.
}
Event: 2.239 GC heap before
{Heap before GC invocations=6 (full 1):
 def new generation   total 6912K, used 5468K [0x04490000, 0x04c10000, 0x099e0000)
  eden space 6144K,  88% used [0x04490000, 0x049e5840, 0x04a90000)
  from space 768K,   0% used [0x04b50000, 0x04b51bb8, 0x04c10000)
  to   space 768K,   0% used [0x04a90000, 0x04a90000, 0x04b50000)
 tenured generation   total 15164K, used 14497K [0x099e0000, 0x0a8af000, 0x14490000)
   the space 15164K,  95% used [0x099e0000, 0x0a8084a8, 0x0a808600, 0x0a8af000)
 compacting perm gen  total 12288K, used 6886K [0x14490000, 0x15090000, 0x18490000)
   the space 12288K,  56% used [0x14490000, 0x14b49bf0, 0x14b49c00, 0x15090000)
No shared spaces configured.
Event: 2.272 GC heap after
Heap after GC invocations=7 (full 2):
 def new generation   total 14976K, used 0K [0x04490000, 0x054d0000, 0x099e0000)
  eden space 13312K,   0% used [0x04490000, 0x04490000, 0x05190000)
  from space 1664K,   0% used [0x05190000, 0x05190000, 0x05330000)
  to   space 1664K,   0% used [0x05330000, 0x05330000, 0x054d0000)
 tenured generation   total 33168K, used 19899K [0x099e0000, 0x0ba44000, 0x14490000)
   the space 33168K,  59% used [0x099e0000, 0x0ad4ece0, 0x0ad4ee00, 0x0ba44000)
 compacting perm gen  total 12288K, used 6886K [0x14490000, 0x15090000, 0x18490000)
   the space 12288K,  56% used [0x14490000, 0x14b49bf0, 0x14b49c00, 0x15090000)
No shared spaces configured.
}
Event: 2.442 GC heap before
{Heap before GC invocations=7 (full 2):
 def new generation   total 14976K, used 12792K [0x04490000, 0x054d0000, 0x099e0000)
  eden space 13312K,  96% used [0x04490000, 0x0510e158, 0x05190000)
  from space 1664K,   0% used [0x05190000, 0x05190000, 0x05330000)
  to   space 1664K,   0% used [0x05330000, 0x05330000, 0x054d0000)
 tenured generation   total 33168K, used 19899K [0x099e0000, 0x0ba44000, 0x14490000)
   the space 33168K,  59% used [0x099e0000, 0x0ad4ece0, 0x0ad4ee00, 0x0ba44000)
 compacting perm gen  total 12288K, used 6891K [0x14490000, 0x15090000, 0x18490000)
   the space 12288K,  56% used [0x14490000, 0x14b4ac18, 0x14b4ae00, 0x15090000)
No shared spaces configured.
Event: 2.453 GC heap after
Heap after GC invocations=8 (full 2):
 def new generation   total 14976K, used 1K [0x04490000, 0x054d0000, 0x099e0000)
  eden space 13312K,   0% used [0x04490000, 0x04490000, 0x05190000)
  from space 1664K,   0% used [0x05330000, 0x05330498, 0x054d0000)
  to   space 1664K,   0% used [0x05190000, 0x05190000, 0x05330000)
 tenured generation   total 33168K, used 32499K [0x099e0000, 0x0ba44000, 0x14490000)
   the space 33168K,  97% used [0x099e0000, 0x0b99cd30, 0x0b99ce00, 0x0ba44000)
 compacting perm gen  total 12288K, used 6891K [0x14490000, 0x15090000, 0x18490000)
   the space 12288K,  56% used [0x14490000, 0x14b4ac18, 0x14b4ae00, 0x15090000)
No shared spaces configured.
}
Event: 2.654 GC heap before
{Heap before GC invocations=8 (full 2):
 def new generation   total 14976K, used 10962K [0x04490000, 0x054d0000, 0x099e0000)
  eden space 13312K,  82% used [0x04490000, 0x04f44658, 0x05190000)
  from space 1664K,   0% used [0x05330000, 0x05330498, 0x054d0000)
  to   space 1664K,   0% used [0x05190000, 0x05190000, 0x05330000)
 tenured generation   total 33168K, used 32499K [0x099e0000, 0x0ba44000, 0x14490000)
   the space 33168K,  97% used [0x099e0000, 0x0b99cd30, 0x0b99ce00, 0x0ba44000)
 compacting perm gen  total 12288K, used 6908K [0x14490000, 0x15090000, 0x18490000)
   the space 12288K,  56% used [0x14490000, 0x14b4f3a8, 0x14b4f400, 0x15090000)
No shared spaces configured.
Event: 2.674 GC heap after
Heap after GC invocations=9 (full 3):
 def new generation   total 32576K, used 0K [0x04490000, 0x067e0000, 0x099e0000)
  eden space 28992K,   0% used [0x04490000, 0x04490000, 0x060e0000)
  from space 3584K,   0% used [0x060e0000, 0x060e0000, 0x06460000)
  to   space 3584K,   0% used [0x06460000, 0x06460000, 0x067e0000)
 tenured generation   total 72200K, used 43319K [0x099e0000, 0x0e062000, 0x14490000)
   the space 72200K,  59% used [0x099e0000, 0x0c42df80, 0x0c42e000, 0x0e062000)
 compacting perm gen  total 12288K, used 6908K [0x14490000, 0x15090000, 0x18490000)
   the space 12288K,  56% used [0x14490000, 0x14b4f3a8, 0x14b4f400, 0x15090000)
No shared spaces configured.
}

Deoptimization events (0 events):
No events

Internal exceptions (10 events):
Event: 2.650 Thread 0x1ac38c00 Threw 0x049e7cf0 at C:\re\jdk7u45\229\hotspot\src\share\vm\prims\jvm.cpp:1244
Event: 2.650 Thread 0x1ac38c00 Threw 0x04bacad0 at C:\re\jdk7u45\229\hotspot\src\share\vm\prims\jvm.cpp:1244
Event: 2.651 Thread 0x1ac38c00 Threw 0x04bb09e8 at C:\re\jdk7u45\229\hotspot\src\share\vm\prims\jvm.cpp:1244
Event: 2.651 Thread 0x1ac38c00 Threw 0x04bb2da0 at C:\re\jdk7u45\229\hotspot\src\share\vm\prims\jvm.cpp:1244
Event: 2.651 Thread 0x1ac38c00 Threw 0x04bb6328 at C:\re\jdk7u45\229\hotspot\src\share\vm\prims\jvm.cpp:1244
Event: 2.652 Thread 0x1ac38c00 Threw 0x04bb9aa8 at C:\re\jdk7u45\229\hotspot\src\share\vm\prims\jvm.cpp:1244
Event: 2.652 Thread 0x1ac38c00 Threw 0x04bbca08 at C:\re\jdk7u45\229\hotspot\src\share\vm\prims\jvm.cpp:1244
Event: 2.676 Thread 0x1ac38c00 Threw 0x048144c0 at C:\re\jdk7u45\229\hotspot\src\share\vm\prims\jvm.cpp:1244
Event: 2.677 Thread 0x1ac38c00 Threw 0x0481a610 at C:\re\jdk7u45\229\hotspot\src\share\vm\prims\jvm.cpp:1244
Event: 2.914 Thread 0x1ac38c00 Threw 0x05149360 at C:\re\jdk7u45\229\hotspot\src\share\vm\prims\jvm.cpp:1244

Events (10 events):
Event: 4.106 Executing VM operation: EnableBiasedLocking
Event: 4.106 Executing VM operation: EnableBiasedLocking done
Event: 5.231 Thread 0x1ab58400 Thread exited: 0x1ab58400
Event: 11.930 Thread 0x1ac35800 Thread added: 0x1ac35800
Event: 11.930 Thread 0x1ac36000 Thread added: 0x1ac36000
Event: 11.930 Thread 0x1ac36000 Thread exited: 0x1ac36000
Event: 11.930 Thread 0x1ac38000 Thread exited: 0x1ac38000
Event: 11.930 loading class 0x18839310
Event: 11.930 loading class 0x18839310 done
Event: 11.946 Thread 0x18857c00 Thread exited: 0x18857c00


Dynamic libraries:
0x00a30000 - 0x00a5f000 	D:\MyEclipse\myeclipse\binary\com.sun.java.jdk7.win32.x86_1.7.0.u45\bin\javaw.exe
0x77d80000 - 0x77eef000 	C:\WINDOWS\SYSTEM32\ntdll.dll
0x75570000 - 0x756b0000 	C:\WINDOWS\SYSTEM32\KERNEL32.DLL
0x77a00000 - 0x77ad7000 	C:\WINDOWS\SYSTEM32\KERNELBASE.dll
0x728a0000 - 0x72940000 	C:\WINDOWS\system32\apphelp.dll
0x6bd00000 - 0x6bf66000 	C:\WINDOWS\AppPatch\AcGenral.DLL
0x77530000 - 0x775f3000 	C:\WINDOWS\SYSTEM32\msvcrt.dll
0x77c00000 - 0x77c41000 	C:\WINDOWS\SYSTEM32\sechost.dll
0x75d00000 - 0x75d1e000 	C:\WINDOWS\SYSTEM32\SspiCli.dll
0x77c50000 - 0x77c95000 	C:\WINDOWS\SYSTEM32\SHLWAPI.dll
0x723c0000 - 0x724ad000 	C:\WINDOWS\SYSTEM32\UxTheme.dll
0x77090000 - 0x771e3000 	C:\WINDOWS\SYSTEM32\USER32.dll
0x778f0000 - 0x779fe000 	C:\WINDOWS\SYSTEM32\GDI32.dll
0x74fc0000 - 0x74fe3000 	C:\WINDOWS\SYSTEM32\WINMM.dll
0x74de0000 - 0x74df3000 	C:\WINDOWS\SYSTEM32\samcli.dll
0x77600000 - 0x77729000 	C:\WINDOWS\SYSTEM32\ole32.dll
0x75920000 - 0x759b7000 	C:\WINDOWS\SYSTEM32\OLEAUT32.dll
0x6e0e0000 - 0x6e0f7000 	C:\WINDOWS\SYSTEM32\MSACM32.dll
0x754f0000 - 0x754f8000 	C:\WINDOWS\SYSTEM32\VERSION.dll
0x75d20000 - 0x76fdb000 	C:\WINDOWS\SYSTEM32\SHELL32.dll
0x754c0000 - 0x754db000 	C:\WINDOWS\SYSTEM32\USERENV.dll
0x72940000 - 0x7295a000 	C:\WINDOWS\SYSTEM32\dwmapi.dll
0x73fa0000 - 0x740eb000 	C:\WINDOWS\SYSTEM32\urlmon.dll
0x75860000 - 0x758dc000 	C:\WINDOWS\SYSTEM32\ADVAPI32.dll
0x72960000 - 0x729c5000 	C:\WINDOWS\SYSTEM32\WINSPOOL.DRV
0x72120000 - 0x72136000 	C:\WINDOWS\SYSTEM32\MPR.dll
0x759c0000 - 0x75a7a000 	C:\WINDOWS\SYSTEM32\RPCRT4.dll
0x75560000 - 0x7556a000 	C:\WINDOWS\SYSTEM32\CRYPTBASE.dll
0x771f0000 - 0x7736d000 	C:\WINDOWS\SYSTEM32\combase.dll
0x74f50000 - 0x74f73000 	C:\WINDOWS\SYSTEM32\WINMMBASE.dll
0x754b0000 - 0x754bf000 	C:\WINDOWS\SYSTEM32\profapi.dll
0x73890000 - 0x73ac5000 	C:\WINDOWS\SYSTEM32\iertutil.dll
0x735e0000 - 0x7388b000 	C:\WINDOWS\SYSTEM32\WININET.dll
0x75500000 - 0x75554000 	C:\WINDOWS\SYSTEM32\bcryptPrimitives.dll
0x75a80000 - 0x75abc000 	C:\WINDOWS\SYSTEM32\cfgmgr32.dll
0x74f20000 - 0x74f41000 	C:\WINDOWS\SYSTEM32\DEVOBJ.dll
0x75290000 - 0x7531b000 	C:\WINDOWS\SYSTEM32\SHCORE.DLL
0x756c0000 - 0x756e7000 	C:\WINDOWS\system32\IMM32.DLL
0x77ae0000 - 0x77bf2000 	C:\WINDOWS\SYSTEM32\MSCTF.dll
0x724b0000 - 0x726b6000 	C:\WINDOWS\WinSxS\x86_microsoft.windows.common-controls_6595b64144ccf1df_6.0.9600.18006_none_a9ec6aab013aafee\COMCTL32.dll
0x6ccf0000 - 0x6cdaf000 	D:\MyEclipse\myeclipse\binary\com.sun.java.jdk7.win32.x86_1.7.0.u45\jre\bin\msvcr100.dll
0x6dba0000 - 0x6df20000 	D:\MyEclipse\myeclipse\binary\com.sun.java.jdk7.win32.x86_1.7.0.u45\jre\bin\client\jvm.dll
0x71fd0000 - 0x71fd8000 	C:\WINDOWS\SYSTEM32\WSOCK32.dll
0x75c60000 - 0x75c66000 	C:\WINDOWS\SYSTEM32\PSAPI.DLL
0x774e0000 - 0x7752f000 	C:\WINDOWS\SYSTEM32\WS2_32.dll
0x75ac0000 - 0x75ac7000 	C:\WINDOWS\SYSTEM32\NSI.dll
0x6eec0000 - 0x6eecc000 	D:\MyEclipse\myeclipse\binary\com.sun.java.jdk7.win32.x86_1.7.0.u45\jre\bin\verify.dll
0x6e9e0000 - 0x6ea00000 	D:\MyEclipse\myeclipse\binary\com.sun.java.jdk7.win32.x86_1.7.0.u45\jre\bin\java.dll
0x6e9c0000 - 0x6e9d3000 	D:\MyEclipse\myeclipse\binary\com.sun.java.jdk7.win32.x86_1.7.0.u45\jre\bin\zip.dll
0x6bbb0000 - 0x6bcf3000 	D:\MyEclipse\myeclipse\binary\com.sun.java.jdk7.win32.x86_1.7.0.u45\jre\bin\awt.dll
0x74e70000 - 0x74e79000 	C:\WINDOWS\SYSTEM32\kernel.appcore.dll
0x6b9d0000 - 0x6bba3000 	C:\WINDOWS\system32\d3d9.dll
0x5c4f0000 - 0x5d133000 	C:\WINDOWS\SYSTEM32\nvd3dum.dll
0x720d0000 - 0x72110000 	C:\WINDOWS\system32\powrprof.dll
0x6cf00000 - 0x6cf38000 	D:\MyEclipse\myeclipse\binary\com.sun.java.jdk7.win32.x86_1.7.0.u45\jre\bin\fontmanager.dll
0x6e700000 - 0x6e714000 	D:\MyEclipse\myeclipse\binary\com.sun.java.jdk7.win32.x86_1.7.0.u45\jre\bin\net.dll
0x74630000 - 0x7467b000 	C:\WINDOWS\system32\mswsock.dll
0x6e6f0000 - 0x6e6ff000 	D:\MyEclipse\myeclipse\binary\com.sun.java.jdk7.win32.x86_1.7.0.u45\jre\bin\nio.dll
0x6ced0000 - 0x6cf00000 	D:\MyEclipse\myeclipse\binary\com.sun.java.jdk7.win32.x86_1.7.0.u45\jre\bin\t2k.dll
0x1afc0000 - 0x1afd5000 	C:\Windows\System32\jmutil.dll
0x1b070000 - 0x1b07d000 	C:\Windows\System32\jmvfw.dll
0x72dc0000 - 0x72dd4000 	C:\WINDOWS\SYSTEM32\AVICAP32.dll
0x72cd0000 - 0x72cf3000 	C:\WINDOWS\SYSTEM32\MSVFW32.dll
0x6d680000 - 0x6d687000 	C:\WINDOWS\SYSTEM32\DCIMAN32.DLL
0x6c1f0000 - 0x6c243000 	C:\WINDOWS\SYSTEM32\MMDevAPI.DLL
0x6c1b0000 - 0x6c1e6000 	C:\WINDOWS\SYSTEM32\wdmaud.drv
0x6d670000 - 0x6d677000 	C:\WINDOWS\SYSTEM32\ksuser.dll
0x6cce0000 - 0x6ccea000 	C:\WINDOWS\SYSTEM32\AVRT.dll
0x6c150000 - 0x6c1b0000 	C:\WINDOWS\SYSTEM32\AUDIOSES.DLL
0x6cc50000 - 0x6cc59000 	C:\WINDOWS\SYSTEM32\msacm32.drv
0x6c9e0000 - 0x6c9e8000 	C:\WINDOWS\SYSTEM32\midimap.dll
0x6c9a0000 - 0x6c9b1000 	C:\WINDOWS\SYSTEM32\vfwwdm32.dll
0x75750000 - 0x757dd000 	C:\WINDOWS\SYSTEM32\clbcatq.dll
0x6fc70000 - 0x6fc84000 	C:\Windows\SYSTEM32\devenum.dll
0x77730000 - 0x778e1000 	C:\WINDOWS\SYSTEM32\setupapi.dll
0x6c970000 - 0x6c998000 	C:\WINDOWS\SYSTEM32\ntmarta.dll
0x758e0000 - 0x7591d000 	C:\WINDOWS\SYSTEM32\WINTRUST.dll
0x75ad0000 - 0x75c58000 	C:\WINDOWS\SYSTEM32\CRYPT32.dll
0x756b0000 - 0x756be000 	C:\WINDOWS\SYSTEM32\MSASN1.dll
0x6fc60000 - 0x6fc6b000 	C:\WINDOWS\SYSTEM32\msdmo.dll
0x6c090000 - 0x6c0d0000 	C:\Windows\SYSTEM32\ksproxy.ax
0x6c9d0000 - 0x6c9dc000 	C:\Windows\SYSTEM32\vidcap.ax
0x6b9b0000 - 0x6b9cf000 	C:\Windows\SYSTEM32\kswdmcap.ax
0x6b880000 - 0x6b9af000 	C:\Windows\SYSTEM32\MFC42.dll
0x6b7d0000 - 0x6b879000 	C:\Windows\SYSTEM32\ODBC32.dll
0x6b790000 - 0x6b7c1000 	C:\Windows\SYSTEM32\qcap.dll
0x6b5f0000 - 0x6b78f000 	C:\Windows\SYSTEM32\quartz.dll
0x6c140000 - 0x6c14a000 	C:\WINDOWS\SYSTEM32\msyuv.dll
0x1bbb0000 - 0x1bbb8000 	C:\Windows\System32\jmddraw.dll
0x6b500000 - 0x6b5ec000 	C:\WINDOWS\SYSTEM32\DDRAW.dll
0x1bc00000 - 0x1bc0b000 	C:\Windows\System32\jmvcm.dll
0x6c080000 - 0x6c086000 	D:\MyEclipse\myeclipse\binary\com.sun.java.jdk7.win32.x86_1.7.0.u45\jre\bin\jawt.dll
0x1a9e0000 - 0x1a9e9000 	C:\Windows\System32\jmfjawt.dll
0x6b470000 - 0x6b4fe000 	D:\MyEclipse\myeclipse\binary\com.sun.java.jdk7.win32.x86_1.7.0.u45\jre\bin\mlib_image.dll
0x6b440000 - 0x6b465000 	D:\MyEclipse\myeclipse\binary\com.sun.java.jdk7.win32.x86_1.7.0.u45\jre\bin\jpeg.dll
0x73e50000 - 0x73f91000 	C:\WINDOWS\SYSTEM32\dbghelp.dll

VM Arguments:
jvm_args: -Dfile.encoding=GBK 
java_command: skinColorScanner.SkinColorScanner
Launcher Type: SUN_STANDARD

Environment Variables:
JAVA_HOME=D:\JDK
JRE_HOME=D:\JDK\jre
CLASSPATH=.;C:\PROGRA~2\JMF21~1.1E\lib\sound.jar;C:\PROGRA~2\JMF21~1.1E\lib\jmf.jar;C:\PROGRA~2\JMF21~1.1E\lib;.;.;D:\PROGRA~1\JMF21~1.1E\lib\sound.jar;D:\PROGRA~1\JMF21~1.1E\lib\jmf.jar;D:\PROGRA~1\JMF21~1.1E\lib;
PATH=D:/MyEclipse/myeclipse/binary/com.sun.java.jdk7.win32.x86_1.7.0.u45/jre/bin/client;D:/MyEclipse/myeclipse/binary/com.sun.java.jdk7.win32.x86_1.7.0.u45/jre/bin;D:/MyEclipse/myeclipse/binary/com.sun.java.jdk7.win32.x86_1.7.0.u45/jre/lib/i386;D:\JDK\bin;C:\Program Files (x86)\NVIDIA Corporation\PhysX\Common;C:\Program Files (x86)\Intel\iCLS Client\;C:\Program Files\Intel\iCLS Client\;C:\WINDOWS\system32;C:\WINDOWS;C:\WINDOWS\System32\Wbem;C:\WINDOWS\System32\WindowsPowerShell\v1.0\;C:\Program Files\Intel\Intel(R) Management Engine Components\DAL;C:\Program Files\Intel\Intel(R) Management Engine Components\IPT;C:\Program Files (x86)\Intel\Intel(R) Management Engine Components\DAL;C:\Program Files (x86)\Intel\Intel(R) Management Engine Components\IPT;D:\MySQL\bin
USERNAME=kang
OS=Windows_NT
PROCESSOR_IDENTIFIER=Intel64 Family 6 Model 58 Stepping 9, GenuineIntel



---------------  S Y S T E M  ---------------

OS: Windows 8 , 64 bit Build 9200 

CPU:total 4 (2 cores per cpu, 2 threads per core) family 6 model 58 stepping 9, cmov, cx8, fxsr, mmx, sse, sse2, sse3, ssse3, sse4.1, sse4.2, popcnt, avx, aes, erms, ht, tsc, tscinvbit, tscinv

Memory: 4k page, physical 8334620k(6125072k free), swap 9055516k(6469064k free)

vm_info: Java HotSpot(TM) Client VM (24.45-b08) for windows-x86 JRE (1.7.0_45-b18), built on Oct  8 2013 06:02:43 by "java_re" with unknown MS VC++:1600

time: Wed May 31 18:42:30 2017
elapsed time: 12 seconds

